  183.2    81.5
   45.1    71.3
  326.8    70.4
   62.0    75.2
  126.2    74.9
  359.4    55.2
  276.9    79.1
  344.3    61.4
  149.8    78.2
  238.1    66.4
  317.9    76.7
  169.1    67.6
  155.8    84.8
  324.5    67.2
   38.8    80.3
  173.6    66.4
  132.5    79.0
  101.0    66.3
  348.6    54.1
  248.8    84.1
  288.3    52.4
  210.6    77.8
  218.9    67.2
  139.3    66.6
   66.3    74.8
  331.1    59.6
  135.3    79.9
   65.3    75.7
  347.6    81.2
   65.0    74.5
  143.8    76.8
  314.8    70.9
  181.8    72.9
  283.5    75.9
  142.4    71.3
   37.9    72.4
  302.3    79.0
   64.1    80.9
   23.9    66.4
  108.3    74.6
  243.4    84.9
   59.5    59.7
  169.5    62.3
    4.9    68.8
  127.6    81.6
  260.1    77.6
   40.4    80.5
  123.9    77.2
  261.2    77.2
  135.9    68.9
  152.0    69.0
  157.8    73.1
  306.5    79.7
  131.0    66.9
  338.8    61.1
   62.3    66.9
  129.6    84.8
    3.7    77.3
  137.8    72.8
  257.8    65.6
  354.9    73.0
  153.0    70.8
   63.9    53.7
  133.7    58.8
  299.6    85.6
  178.5    69.9
  275.9    77.6
  233.4    63.1
  215.8    62.4
  345.2    82.8
   41.8    67.0
   49.4    66.4
  107.7    64.2
  187.6    72.8
  155.7    76.1
   61.4    80.3
  317.1    53.0
  328.9    84.7
  350.1    65.0
  219.0    82.5
  128.4    76.6
  267.6    72.6
  175.9    69.1
   71.5    80.0
  146.6    70.7
  141.9    67.0
   48.1    63.8
  291.0    77.2
  153.7    69.2
  353.1    76.7
   33.2    81.3
  231.6    75.9
  216.7    70.5
  137.2    76.2
  288.7    75.4
  294.8    67.2
  129.6    82.3
  219.6    84.1
   68.8    74.3
   29.5    77.0
