   53.0    75.5
   43.0    64.8
   61.2    67.9
   97.5    82.1
  161.0    76.8
  256.1    82.0
  241.1    87.3
  169.1    75.9
   47.2    59.0
   31.5    53.3
  180.7    70.1
  136.3    78.0
   45.8    70.2
  153.1    72.0
  139.2    74.7
   60.8    79.4
  288.9    63.3
  337.6    75.4
  122.9    84.0
   32.2    73.4
   99.0    87.3
  198.0    80.2
  161.4    75.5
   46.9    70.4
  158.0    74.4
   97.6    72.5
  309.7    72.1
   29.1    86.0
  237.4    85.7
   62.1    72.8
   27.3    63.5
  305.3    85.9
   49.5    71.1
    1.1    81.7
  242.7    84.4
   57.6    54.8
  288.7    69.7
  290.2    55.0
  349.7    86.2
  221.8    64.7
  313.2    83.1
  310.6    80.9
  214.8    74.2
  352.8    82.5
   58.8    62.6
  322.7    73.3
  249.9    53.2
  120.4    73.4
  349.9    80.4
  194.1    49.7
   12.3    65.1
  240.7    75.7
  116.3    59.2
  205.1    68.5
   85.2    55.4
  311.3    80.1
  346.7    60.0
   18.3    74.7
  325.3    74.4
  246.3    73.5
   95.2    65.2
  212.2    81.0
  226.9    77.2
   66.3    67.2
  233.5    77.7
  111.7    80.3
  215.0    65.4
  252.0    66.5
   25.0    78.5
   68.9    86.3
   73.7    65.7
   48.1    66.7
  237.5    68.6
  300.7    60.9
   56.1    67.5
    0.3    86.0
  111.4    68.4
  191.1    70.8
  300.7    82.4
  237.5    70.2
  102.1    80.9
   67.5    82.0
  354.2    60.2
  352.8    71.7
   94.2    66.5
  194.1    72.3
  134.4    70.3
   75.3    85.7
  171.0    70.3
  166.6    75.4
  324.1    71.5
  206.4    67.7
  191.2    79.7
  184.3    57.7
   56.6    87.9
  111.0    80.3
  297.8    70.0
   78.7    72.8
   53.5    62.3
  347.1    77.2
