data model: 3.0
-E- ERROR: specimen mc15c has more than one demagnetization experiment name. You need to merge them to one experiment-name?
-E- ERROR: specimen mc15d has more than one demagnetization experiment name. You need to merge them to one experiment-name?
-E- ERROR: specimen mc15h has more than one demagnetization experiment name. You need to merge them to one experiment-name?
-E- ERROR: specimen mc26a has more than one demagnetization experiment name. You need to merge them to one experiment-name?
-E- ERROR: specimen mc26c has more than one demagnetization experiment name. You need to merge them to one experiment-name?
-E- ERROR: specimen mc26d has more than one demagnetization experiment name. You need to merge them to one experiment-name?
-E- ERROR: specimen mc26e has more than one demagnetization experiment name. You need to merge them to one experiment-name?
-E- ERROR: specimen mc50e has more than one demagnetization experiment name. You need to merge them to one experiment-name?
-E- ERROR: specimen mc217a1 has more than one demagnetization experiment name. You need to merge them to one experiment-name?
-I- done sorting meas data
-E- specimen mc04c-1 does not exist in measurement data
-E- specimen mc113a1-1 does not exist in measurement data
-E- specimen mc117a2-1 does not exist in measurement data
-E- specimen mc120a2-1 does not exist in measurement data
-E- specimen mc129a1-1 does not exist in measurement data
-E- invalid parameters cannot assign to fit A for specimen mc135d2 - was given:
{'specimen_dang': 0, 'er_specimen_name': 'mc135d2', 'specimen_comp_name': 'A'}
Could not calculate dec or inc for specimen mc135d2 component A with bounds 5.0mT and 0 in coordinate_system geographic, component not added
-E- invalid parameters cannot assign to fit A for specimen mc135e2 - was given:
{'specimen_dang': 0, 'er_specimen_name': 'mc135e2', 'specimen_comp_name': 'A'}
Could not calculate dec or inc for specimen mc135e2 component A with bounds 5.0mT and 0 in coordinate_system geographic, component not added
-E- specimen mc164a2-1 does not exist in measurement data
-E- specimen mc205a1-1 does not exist in measurement data
-E- specimen mc217a2-1 does not exist in measurement data
no PCA type found setting to line
-I- overwriting /Users/nebula/Python/PmagPy/data_files/3_0/McMurdo/measurements.txt
-I- 25470 records written to measurements file
-I- overwriting /Users/nebula/Python/PmagPy/data_files/3_0/McMurdo/measurements.txt
-I- 25470 records written to measurements file
-I- overwriting /Users/nebula/Python/PmagPy/data_files/3_0/McMurdo/measurements.txt
-I- 25470 records written to measurements file
-I- overwriting /Users/nebula/Python/PmagPy/data_files/3_0/McMurdo/measurements.txt
-I- 25470 records written to measurements file
-I- overwriting /Users/nebula/Python/PmagPy/data_files/3_0/McMurdo/measurements.txt
-I- 25470 records written to measurements file
-I- overwriting /Users/nebula/Python/PmagPy/data_files/3_0/McMurdo/measurements.txt
-I- 25470 records written to measurements file
-I- overwriting /Users/nebula/Python/PmagPy/data_files/3_0/McMurdo/measurements.txt
-I- 25470 records written to measurements file
-I- overwriting /Users/nebula/Python/PmagPy/data_files/3_0/McMurdo/measurements.txt
-I- 25470 records written to measurements file
For specimen mc01a there are no good measurement steps with value - 100C using step 150C as lower bound instead
