  298.8    83.8
  224.3    75.3
  261.6    65.8
  356.7    84.0
   35.5    69.0
   23.4    78.7
  151.1    66.0
  270.4    83.5
  266.3    85.4
  124.5    60.0
  189.8    83.3
  328.3    71.5
  188.3    70.9
  192.6    74.4
   82.1    82.7
   23.8    70.2
   86.9    78.1
  272.2    72.0
  313.7    81.5
  159.5    77.7
  163.8    79.5
  226.7    78.6
  283.7    80.2
   78.4    80.1
  271.9    55.9
  309.8    68.1
   62.4    52.9
   66.0    60.3
   96.8    62.0
   84.7    83.9
  241.2    63.8
  230.8    68.3
  313.9    65.3
  239.1    71.3
  164.4    70.4
  146.1    81.1
   24.8    82.4
  203.4    71.5
   72.4    80.3
   50.5    65.6
   57.6    75.8
  336.6    73.7
    4.9    87.8
  119.9    61.6
  112.5    78.3
  156.4    75.7
  347.4    61.4
  111.9    81.5
  140.8    82.9
  172.3    79.4
   47.2    70.1
  248.4    85.4
  119.0    85.6
  316.6    70.5
  160.1    65.4
   91.8    76.1
  293.6    67.5
  297.1    69.0
  277.2    87.5
  317.6    85.8
  199.4    70.5
  149.1    75.7
  115.9    82.3
   50.9    82.6
  272.5    72.5
  166.5    84.6
   18.9    82.4
  139.9    70.2
  105.1    82.6
  159.7    70.5
  246.2    79.5
  105.9    79.8
    3.0    76.1
   92.0    76.6
  319.3    73.2
  208.6    76.4
  243.3    82.3
  259.5    56.4
  173.9    80.2
   83.7    71.5
  190.8    60.9
  253.5    58.9
  170.2    68.2
  208.6    87.5
  311.0    70.3
  269.8    84.4
  333.1    64.0
   31.6    85.3
  240.1    84.4
  346.5    87.4
  225.7    76.3
  265.2    56.7
  149.3    83.7
  117.5    82.8
  303.4    71.0
  236.5    87.7
    7.1    75.5
  212.7    55.4
  345.2    62.6
  144.0    61.1
