13.258480
11.492578
3.859259
9.909227
11.526533
7.108470
10.684706
14.973011
12.124771
8.583638
8.076376
7.286626
10.128611
14.287350
10.111076
8.989940
8.057298
8.816727
16.343022
12.885485
8.771453
9.266244
14.531228
10.547213
9.191445
6.583689
14.430632
13.975161
6.945234
11.649478
16.186674
4.086668
13.769870
6.867517
9.091686
11.209351
9.295303
7.678548
12.961574
8.377885
6.115342
7.066110
12.558896
12.354961
9.408588
13.190264
9.997406
6.389494
11.460401
8.498202
13.140732
12.035045
10.502248
10.225207
8.529273
11.593107
8.172582
5.918904
12.830466
11.295489
8.236273
8.338762
10.202014
14.052509
13.704213
11.537768
7.516174
17.229292
16.195464
8.622839
9.653008
11.399525
12.743253
9.828760
7.151034
11.192099
11.362394
7.244502
7.987357
6.963250
5.153810
8.444509
11.834499
7.892164
13.483142
12.661464
11.296222
13.240045
11.127457
16.400372
15.114911
11.352583
9.279700
11.798915
18.192101
9.808397
10.600771
12.700517
9.674745
9.954254
11.120960
5.704679
15.123931
3.479657
5.907268
16.115248
4.351348
5.944480
10.779993
10.915187
6.571620
13.419704
12.733397
12.124788
8.484481
14.023857
9.378450
13.841379
10.209467
13.582733
15.435429
7.641617
9.786374
11.523612
9.322084
13.372456
11.060604
8.392780
8.809839
7.507026
10.630489
8.562562
12.096125
3.153808
7.579564
17.612846
2.852234
6.133173
11.910532
11.777782
8.120743
7.035639
12.602042
16.309948
3.858290
12.158132
4.389680
8.868338
5.987981
7.652355
8.370611
6.919771
12.148240
7.227780
4.782902
7.453439
13.633032
0.078001
5.960948
11.668916
12.785603
15.024437
6.912038
11.135153
15.576988
6.543876
5.335626
8.843909
6.219050
9.379767
7.676181
6.052355
5.640520
13.171023
12.566967
9.714804
9.333719
11.636242
11.344837
10.488379
7.960199
12.138833
14.751792
9.788268
14.010319
9.713029
11.904071
11.731938
10.358673
8.515542
11.176144
14.544426
3.656500
9.538940
9.276348
10.652416
6.629081
15.344322
10.735654
8.818082
12.442401
10.860774
8.584291
7.889683
12.593235
6.716532
5.203617
10.584936
3.467358
16.291075
13.372122
10.962113
11.516605
8.290393
8.942444
9.411743
8.531573
4.127007
12.336901
11.937972
5.375104
5.169881
8.787234
13.470189
8.606418
8.966615
9.115919
4.451816
7.972968
11.789792
10.023402
8.915113
10.356111
14.544526
10.544810
6.228473
8.417693
10.626182
11.843088
9.280854
10.249427
8.316087
7.328148
10.026596
10.553631
2.176842
11.818225
5.982775
5.726344
10.891944
11.118321
3.515045
11.710652
12.586293
12.112160
8.856037
8.624847
10.367275
6.820468
10.584001
7.436900
10.838392
9.236570
11.387435
11.655706
8.049333
17.911331
11.302606
6.292490
15.403967
17.020468
15.577227
7.043278
15.851287
4.428854
2.517729
8.558802
7.039077
4.643027
10.068698
6.675147
10.736228
4.634400
10.196146
8.924672
8.317012
8.900460
10.412718
10.410383
9.129179
11.604805
14.157828
4.028477
11.947265
8.480001
5.174929
10.357220
6.960834
9.267524
8.355893
9.511804
14.094206
6.969935
12.854334
8.974091
10.694696
10.868752
12.660992
7.190301
11.284099
11.366858
4.204066
10.035582
9.813717
6.794670
10.109613
12.970441
8.930214
8.937493
2.445831
10.347212
12.463730
13.532244
9.075871
12.062827
7.412397
9.470132
4.117225
6.093488
12.366716
14.730696
7.935309
6.115621
12.732823
12.677817
13.506610
11.059424
9.653593
13.055383
9.042900
8.982403
6.095930
12.110121
8.318874
11.091183
12.151820
7.609250
13.606919
9.541139
16.204327
8.014761
12.095403
6.833399
7.843990
9.139506
11.493703
14.556447
10.388930
7.976546
7.882823
5.446948
11.917261
8.117528
10.060758
4.737088
11.886656
17.148379
10.210396
8.798507
5.583283
8.568004
8.178392
8.319580
7.993206
8.286975
10.121753
5.531439
7.465778
9.254538
11.579316
9.452424
5.565448
9.124447
6.519036
11.355022
3.176108
8.368747
14.423845
6.923310
12.336419
11.172169
7.645599
7.233048
10.011949
4.262568
11.396317
9.216614
2.652444
9.976055
4.413395
7.403522
12.164701
10.517613
7.703085
11.880918
11.236823
12.201662
9.814073
7.803155
14.120912
16.408156
13.527201
6.760624
10.975707
12.235830
11.823406
11.942725
8.978715
13.056380
8.439393
15.564352
14.096736
8.678390
15.417798
12.511908
9.270169
12.264941
9.440771
10.294792
8.408720
13.152228
16.938723
8.372902
12.924618
5.542421
5.636220
6.829341
10.876339
7.686126
6.483666
8.796942
10.963004
8.441276
3.599308
10.870949
9.979187
10.656516
8.245149
9.861909
10.491923
12.180190
8.041044
9.751880
6.132337
7.850784
8.701818
7.411979
11.918613
12.570222
8.813369
7.823633
16.429848
11.221959
6.509310
9.229497
8.221779
12.557855
11.879589
7.068173
5.508039
13.871415
9.668612
7.932681
7.355086
9.485974
7.324661
11.644909
13.108295
8.823590
11.352635
10.022109
7.662392
11.436212
14.815532
5.964113
13.216585
16.516449
11.616950
10.220323
8.063360
7.988538
11.262302
3.288040
10.479283
9.139789
7.133942
14.306793
7.452796
6.825758
9.840181
15.375870
9.114415
15.708915
11.217436
8.673649
11.764862
9.923106
12.648997
13.273708
9.049444
13.223897
10.100454
12.642952
9.005754
11.183543
10.713869
10.697070
10.425641
9.386636
6.377823
11.725172
13.806602
9.398311
7.535749
13.967770
8.760654
12.924661
12.854534
14.636471
4.968668
13.643539
8.504662
6.518079
8.337535
9.864405
8.453871
13.837839
7.442456
15.854187
9.864075
8.818720
5.287377
8.922067
8.856977
11.878061
12.971181
11.556660
5.726267
9.879110
15.129948
10.972596
11.484101
6.971378
13.587160
4.404209
9.602362
9.273833
10.231796
10.660958
10.900133
16.632287
12.610739
14.710891
10.236910
10.068788
7.285757
9.064202
5.660500
7.286917
8.839795
11.636170
14.268777
11.781802
10.636409
10.724221
10.378139
13.615956
10.531183
13.017003
13.337237
10.428203
9.041670
11.136805
4.609934
8.873536
11.666241
5.129909
10.297085
11.914016
5.440053
12.597679
12.450009
12.060704
10.466596
12.239831
4.551657
9.157686
10.427364
10.691139
10.062752
11.493872
11.416298
13.568450
11.375130
8.665039
7.524077
4.485916
6.892766
14.590686
11.276106
3.812631
9.161155
11.263389
7.717773
7.378044
13.415594
5.834820
7.319367
9.214130
12.528082
8.923718
8.145605
12.858211
12.625253
9.060342
3.862071
13.295744
4.217946
6.783844
15.352383
11.552169
10.957858
5.931160
11.853957
9.957505
5.689489
6.266184
11.136397
10.801834
10.400516
3.216237
9.037769
11.907670
5.878735
10.703018
13.062117
9.608334
9.863818
6.879885
3.146967
11.427973
12.063881
4.468673
13.007259
6.715490
8.948626
6.169435
9.034553
8.269884
13.301708
11.177909
10.311649
11.023087
10.262133
10.460170
9.480116
5.496547
9.496717
5.552790
12.373249
11.382738
8.463606
8.731643
8.797182
8.858006
7.271246
14.796730
10.683885
12.732026
11.360351
7.644955
10.517275
9.400119
6.197174
10.181561
8.901082
13.580080
9.822997
13.880122
9.397759
5.393276
11.663934
11.229579
11.297277
14.440234
10.047960
9.584597
7.193665
12.156609
11.161425
14.617365
7.491715
13.752089
5.171112
11.384534
8.812546
8.197671
13.651688
7.721190
12.392482
8.739110
8.079041
11.594695
13.380523
7.884370
13.351708
8.417224
6.324042
10.964069
11.702624
7.647334
14.734072
10.672305
9.239627
10.892954
13.377544
12.271280
8.780965
8.913392
10.757803
5.720715
6.982941
13.846839
10.173797
13.673244
11.740124
7.685471
11.801676
11.342057
11.296556
6.383633
9.226731
9.516156
9.193050
8.781192
14.280394
14.003157
7.708244
10.004669
10.433954
3.454659
10.479480
14.979590
9.963677
12.348891
8.552764
10.752382
7.589674
12.257861
14.491695
5.859426
10.810908
6.419268
12.848308
11.969396
13.634097
11.062921
12.564038
11.333944
9.585806
14.992504
10.139239
4.275466
10.818208
10.141504
10.696081
7.505556
11.683080
12.673921
7.980492
10.200442
11.350898
10.196978
15.170417
8.948272
12.119651
15.321894
4.797910
13.231342
8.004808
9.698768
10.380294
10.120208
16.971996
10.275067
8.835963
8.543571
7.418262
9.625290
14.229610
12.555805
10.384447
9.033798
15.281711
10.064873
8.073780
13.365317
9.039857
6.309132
8.327231
7.385899
11.209819
10.780659
12.800204
13.703501
8.880565
11.137596
7.755063
8.969921
9.707405
7.369600
13.081339
7.655220
8.863211
8.620567
14.313262
15.187372
6.017658
7.288007
12.060862
11.093481
11.849663
14.916722
9.038040
10.883659
8.827092
6.099820
16.654015
8.427717
9.420547
11.561469
13.333217
6.011887
9.524303
10.391901
9.195884
10.199989
12.182558
10.154413
13.036803
9.089522
10.061200
10.977355
9.521414
4.768828
8.986544
9.199415
10.685496
2.864676
6.902480
9.295700
10.216722
10.412041
12.519275
12.728029
12.018654
11.657590
11.193510
15.210311
10.134343
7.791144
11.101715
12.215122
11.144819
11.770575
10.051620
17.296944
11.997139
13.235829
8.406013
12.447967
7.522757
9.622833
5.681131
9.260714
7.291757
13.376907
5.928016
9.345546
11.923840
9.209801
8.787164
4.559195
13.590552
13.488785
7.941214
13.785821
8.963805
10.674734
8.580345
9.841104
6.936093
7.685424
11.465546
16.651168
10.177395
5.180623
7.064437
10.589374
11.303667
10.594405
4.724650
5.304474
9.746102
10.275709
11.088180
2.243143
6.501900
4.910516
5.992659
13.616609
9.909594
7.466614
14.049233
5.805596
11.797526
17.635004
9.048221
8.414549
8.107253
9.140608
6.597391
13.636618
5.907545
10.425869
8.211297
12.183946
8.143861
11.957111
7.394955
7.981117
12.594170
12.580828
6.376999
5.640883
9.790701
13.514328
9.180257
9.675635
9.485440
7.897750
11.196948
6.876590
14.269828
12.070537
9.342363
8.406408
8.948446
9.441684
10.484391
6.784479
7.251812
8.324216
15.647155
11.757705
9.883712
10.248477
9.298517
9.967537
11.440941
10.924614
11.768837
7.276013
12.179173
15.139944
8.396012
10.400737
7.699293
4.847068
12.854649
8.547738
10.759374
13.912934
12.186317
10.171020
14.747268
11.860782
11.603620
11.360258
7.208820
10.375086
14.980393
9.469938
15.422793
10.461893
9.165958
8.564180
8.225561
10.475836
6.087698
