5.667851
11.741359
13.440762
7.462165
8.365170
14.493720
6.801024
9.280334
1.559070
16.355458
10.194512
11.937884
7.406937
7.483006
13.727526
16.433660
2.585553
6.422186
9.075245
9.394057
12.295832
11.840142
15.218820
8.657835
15.154349
9.170656
8.188011
14.379190
14.185604
9.405644
10.020289
12.435306
9.489930
6.018082
10.246168
10.641675
11.318906
7.260747
5.109670
13.516927
11.975012
10.342183
9.285987
9.877755
12.315413
9.061612
8.131215
9.498564
10.301128
9.308184
8.471622
11.457768
6.214808
8.763756
9.739489
11.326043
12.478886
9.606964
15.275060
12.658635
9.501632
9.030882
7.469631
8.517249
12.627595
7.032385
14.213629
8.461870
3.687146
10.160033
12.465914
13.232441
12.079175
9.800980
11.912151
13.631985
12.763094
8.981892
7.147810
12.943801
14.453319
14.719755
5.749532
4.452271
10.280030
8.186779
13.002045
5.716835
9.358149
8.603435
8.476331
6.257701
12.174614
9.205447
6.423486
13.879984
10.213119
12.848295
10.385854
13.216654
13.018797
9.660001
10.560708
11.566530
9.645554
8.153715
10.916358
8.453357
11.581252
10.659085
7.688439
9.143569
12.705541
5.496633
14.712333
9.864917
14.186711
9.910906
1.274041
9.574231
6.227021
9.115206
10.616282
4.784357
13.228618
6.702142
11.685560
9.311216
8.430363
14.111102
10.151106
11.271903
9.457351
10.767657
-0.238937
10.673515
8.860043
7.075346
13.899113
10.200073
11.861480
7.673152
3.831627
9.891393
10.156499
12.204279
13.284894
10.986678
4.518649
6.000276
10.146299
7.034568
13.226401
4.696687
7.440582
2.676175
9.666078
11.599358
7.529962
12.007092
3.422279
8.968245
3.775961
8.663831
7.735663
12.360475
6.890403
12.050306
7.218150
11.721234
5.140888
5.915411
5.073772
11.629648
13.371812
7.643885
12.384541
17.078024
13.348997
9.393453
8.527710
2.905541
10.896010
8.654063
16.014173
6.703714
8.508330
5.900266
8.837685
14.343249
9.220194
10.850410
14.967081
7.860239
9.183743
6.826472
14.410691
7.762821
11.733906
9.851494
11.336570
7.294363
8.265802
6.032879
11.978940
11.783379
9.976478
4.810826
7.955601
12.443106
10.996403
7.538175
14.733785
10.365093
11.626296
8.188486
11.267592
14.185255
10.145271
13.364033
8.147586
8.100182
5.592684
8.247009
7.466603
13.836109
11.679768
11.621722
8.980890
6.243354
10.776957
8.944806
8.383193
7.430361
10.456853
6.670190
11.462463
8.868895
9.906149
11.677235
9.736870
12.246572
10.040292
6.233417
9.111325
11.097532
12.006208
12.470056
8.508522
14.747691
12.882954
13.553883
7.922489
8.421267
12.069392
7.030096
13.930616
10.155776
12.302812
5.209457
14.338443
5.928844
12.379743
12.866712
8.446227
9.406501
6.714016
6.325355
14.825543
8.593182
5.962927
12.690092
11.236278
10.446229
9.130987
9.312614
15.380113
13.060820
8.360773
10.206345
5.319106
9.484559
11.584589
12.770272
10.298154
9.835216
4.469250
10.501939
9.935718
14.397000
11.503245
14.949809
12.660117
10.737677
16.214718
5.581574
6.405491
12.003197
7.126942
11.823081
7.301083
10.438941
9.636463
11.634711
5.955057
4.017685
4.496837
10.313037
8.658055
9.364740
10.985145
11.694381
5.881206
7.784057
7.674922
5.940858
11.845990
15.316624
6.282027
4.721667
7.097211
9.675636
9.540473
5.733842
5.628637
7.080047
12.979313
7.612056
13.811573
10.370696
8.837450
9.887814
3.924070
9.952265
10.930425
11.751105
8.649569
8.228614
11.756645
4.913479
10.057309
8.641041
6.655723
8.506457
5.867220
12.679237
4.929593
4.357884
7.213598
10.162177
10.514569
12.789693
6.561558
10.713834
11.342930
12.318855
3.038031
7.906082
9.211584
15.651847
9.137983
11.757575
14.354523
8.555662
9.729859
9.818848
13.406680
7.509922
11.762733
11.952965
14.483602
8.633624
8.379920
10.287640
11.664656
9.037196
12.209149
10.131230
9.066090
5.524253
8.348482
1.752295
6.967166
12.925449
11.566107
5.401046
8.063257
14.088587
8.933450
12.887272
5.992242
5.669073
6.354058
7.466552
9.566514
7.660688
10.009304
7.043153
7.517726
14.452842
12.912110
11.407893
11.720372
11.590886
12.196448
10.649001
8.877453
7.746958
6.282306
9.523050
7.425886
12.403460
11.356516
9.905546
7.416998
1.778245
6.945668
12.273300
8.948360
7.311658
10.549986
7.664758
8.801067
4.423341
12.168059
10.912453
15.128141
12.909867
12.943084
5.714077
7.735039
12.760553
3.912367
12.201487
7.479839
13.352486
6.014205
9.429733
7.514096
9.521044
9.818788
11.177983
14.057797
12.616245
16.579934
7.846056
7.549991
9.570642
13.140742
12.599268
6.763107
13.113941
7.627630
12.032822
8.154320
10.017197
12.092903
12.196513
13.456301
7.598011
9.827483
14.981597
12.586942
10.968541
17.016302
6.588265
10.743188
10.776935
16.187528
0.252359
8.632072
13.015075
14.795447
15.653639
6.865253
10.711523
8.776563
14.167166
9.933092
6.661052
15.437264
5.149183
12.310038
13.940958
8.263722
4.338715
9.105376
9.632008
5.024397
11.645037
9.671407
11.791549
13.114194
14.125487
7.389550
12.292439
9.618024
13.487874
9.406039
9.548201
10.461492
11.925569
15.867402
5.045585
7.976430
10.791568
6.747574
9.220154
10.640611
7.188326
10.580823
10.936827
9.765310
7.660492
7.128671
12.840944
8.358403
11.990317
9.268755
11.039030
4.642697
10.290972
14.816109
9.894174
12.025616
13.107838
8.429274
9.853207
11.652208
10.251780
15.363842
9.221905
9.723823
8.461875
8.223841
5.413744
5.428018
7.216919
8.954653
8.251297
8.720944
8.254609
12.456289
4.501002
8.770441
10.701065
8.221377
9.867067
7.075578
13.313009
11.642644
8.070184
4.781018
9.874519
6.363930
6.728020
6.900020
15.704135
11.704963
6.982720
8.622930
9.315851
11.736910
5.592128
10.147386
11.356919
6.757031
12.181099
14.103984
6.875903
13.829061
11.018483
8.534268
15.014264
8.381677
8.872475
5.194972
6.476683
13.069074
8.978935
16.229259
6.488349
9.299458
10.042608
7.172838
10.427598
12.425255
12.891864
10.161417
12.290807
13.975098
12.697618
7.456668
14.561720
6.058944
6.202812
13.690977
10.860187
8.073802
11.822197
7.048154
7.773318
7.426697
12.830175
3.440345
8.781636
7.491769
12.848725
9.917258
10.914106
6.894668
4.603384
8.730084
8.476585
11.299694
14.677701
9.317224
13.664820
13.059837
7.982322
9.541533
8.017131
13.491153
9.241158
13.341419
10.321588
10.766875
8.568687
11.560742
5.044464
8.971499
9.898971
13.563854
7.638300
6.257876
7.430367
9.303256
6.771430
7.073290
12.455608
9.783297
7.237710
8.817847
7.936098
11.671793
13.019015
14.549127
16.760868
6.705723
10.354389
13.533813
10.292787
7.567004
6.927155
4.141161
6.284884
8.861237
12.832721
10.568046
8.689261
12.212506
12.185087
7.803789
10.843436
7.470276
9.714212
9.408370
10.971374
6.712774
7.967504
11.205757
5.906048
9.210197
7.509288
13.032786
9.250855
7.586401
15.394719
9.192958
10.872796
9.113677
10.699191
9.806352
9.877334
12.286762
10.360938
11.181650
13.295922
12.901670
6.357104
5.680669
8.976338
10.256336
13.034792
10.455532
7.615191
15.396759
9.156245
8.849883
9.958106
12.162953
8.271959
11.254588
6.049651
9.748499
7.760325
7.726504
10.008401
11.200823
11.483530
5.210126
10.274639
11.769683
6.513441
10.748803
12.525475
11.946071
12.140577
9.740666
11.305203
11.355854
5.605802
6.411107
9.318863
8.994573
8.292873
6.423925
10.064906
18.230192
7.356456
6.249956
9.929794
11.152581
13.679604
14.216797
12.069127
8.101437
4.583490
11.730677
11.683982
13.353328
9.197323
11.596572
7.569986
10.228003
13.021828
10.233354
12.981118
11.169466
7.573716
12.053617
13.042159
15.771363
11.578248
17.769660
7.189955
11.684748
9.904855
7.975241
10.249280
9.498237
3.321651
13.676320
9.636672
13.265402
11.461767
18.647706
11.172275
4.666109
6.533489
4.293707
10.984738
6.534959
10.814797
7.141269
13.263829
8.232177
10.864777
12.046415
10.773464
14.982230
7.092560
12.443494
8.158582
11.704504
11.516807
5.217694
13.724743
9.854254
9.687944
10.331936
5.881517
8.814627
11.334796
11.296919
10.645835
6.615026
10.458244
11.257009
10.525705
14.953126
7.165027
6.960234
11.350567
13.268621
12.476933
7.633649
9.667870
9.305633
9.017943
8.909469
11.969144
8.174244
9.365328
10.792552
11.632968
10.438190
13.744729
11.217375
5.390125
11.664780
10.046990
9.791611
5.643163
12.622634
9.804210
9.999040
8.692502
13.846112
10.365717
8.057018
10.199735
10.463297
11.258222
14.444706
7.895369
8.554024
13.850682
8.117685
13.020306
9.327169
9.186833
9.141434
8.591014
9.927421
7.697559
10.967629
10.119994
11.373453
8.512656
13.099770
9.628382
7.561332
17.784960
9.670618
11.959732
12.612625
10.918566
8.096523
6.694814
12.808278
14.638608
7.725417
6.309056
10.254245
10.902744
11.390661
5.185152
12.833967
10.788354
6.295786
12.113380
5.062497
9.284197
7.863068
10.793789
10.046060
9.655577
12.810291
9.977443
9.934327
14.613210
6.678883
10.081929
12.673548
8.119209
9.101738
11.343887
6.970261
11.924580
15.380958
15.155805
12.996702
12.411058
11.493391
11.313348
14.584566
9.835934
14.298643
10.094649
10.839140
8.223672
7.580976
17.290363
8.569569
9.774733
7.587529
9.756149
7.798089
6.774429
15.644547
9.890826
3.615841
16.602027
6.023379
10.261967
9.166120
12.056586
9.713844
11.002995
6.499894
12.703436
12.330823
7.319019
11.090116
11.438112
12.606887
9.566965
14.245613
15.705035
8.315637
7.515163
12.523084
7.456019
10.708718
15.079808
6.765726
8.143107
8.508902
11.677963
18.236519
6.641345
3.600507
8.874539
11.187556
16.124541
13.581829
9.132941
11.505905
7.707635
8.145630
13.860761
14.746263
8.557142
13.473151
16.442809
8.388725
7.854903
7.572325
9.433221
11.684442
9.920411
14.827812
8.777770
7.672316
12.567758
8.263050
6.450556
12.980097
12.167811
12.512015
15.568861
11.035043
5.153834
11.409422
11.210694
5.885023
11.096566
7.487832
6.970890
9.086779
6.758953
12.208391
6.897597
6.899097
4.144528
14.803553
10.322498
10.296637
11.423312
5.835170
7.938406
7.495759
4.800560
8.981686
8.913066
6.705376
12.144136
8.315124
10.433739
