  266.5    73.1
  323.4    70.8
  203.9    75.3
  278.2    68.8
  229.6    81.4
  258.7    57.5
   64.4    60.7
  310.7    73.6
  254.9    77.4
  263.5    80.7
  133.8    77.9
  314.6    80.1
  143.8    80.9
  316.0    74.0
   23.0    81.5
  359.1    73.4
  238.5    84.1
   51.8    83.9
  319.1    73.5
   36.9    85.6
  137.0    73.6
  328.1    81.9
  121.7    61.2
    6.8    75.1
  340.9    76.0
  354.7    81.4
  181.0    74.9
  295.7    69.9
   52.5    51.6
    9.9    70.3
   53.8    61.9
  173.4    78.1
   52.9    65.7
  198.7    71.4
  207.8    69.0
  272.5    53.7
  261.9    79.4
  194.8    85.2
  207.6    83.7
  140.3    73.6
  350.9    74.7
  105.3    88.6
  183.4    75.1
  226.3    77.6
  241.0    59.7
  189.1    78.3
   19.8    67.0
  194.2    61.4
  268.3    86.0
  167.2    72.5
  289.2    84.3
   91.4    49.4
   42.7    75.0
   66.0    68.1
  125.9    82.7
  190.7    83.4
   42.6    85.2
   55.2    66.7
  309.2    71.2
  110.3    78.8
  278.1    82.7
  227.0    84.8
  219.8    64.8
  166.7    84.9
  112.4    55.6
  312.5    74.7
   61.4    60.5
  317.8    81.2
   35.3    55.2
   50.5    45.8
  345.2    77.8
  316.6    73.5
  342.3    83.6
  147.4    79.3
  244.9    72.7
  196.9    72.0
  311.8    58.3
  327.5    77.3
  214.2    72.8
  326.0    69.3
  310.6    79.6
   12.4    70.2
   78.3    64.6
   32.8    52.4
  276.7    83.5
  240.7    68.4
  219.4    75.2
    1.0    83.2
  234.8    53.6
  349.8    70.5
  140.5    77.2
  147.1    69.7
   21.2    78.1
  154.0    68.1
  217.1    63.6
  326.7    81.7
  314.8    59.5
  321.3    85.3
  273.6    68.9
   26.6    87.1
