7.668369
5.893124
10.942165
11.110781
6.345589
7.811388
9.528014
8.864263
9.377545
14.601976
7.475934
10.702970
10.965454
10.254958
9.116379
11.187445
8.456997
6.761474
11.233164
15.400008
11.422311
9.791938
4.816107
11.274208
6.506145
9.699134
11.010755
12.118422
10.522715
10.025865
7.255227
14.107301
5.851756
9.952494
14.363558
14.064651
8.877597
7.395692
7.156486
8.641871
12.424889
7.887098
8.215880
13.437252
8.484160
5.147048
11.210111
8.965860
6.756221
7.842650
11.025797
8.211783
9.229298
7.131146
6.007325
9.154650
8.274855
7.270253
5.776650
10.899823
7.005576
3.772889
12.172584
8.310958
9.025662
6.973867
5.546082
7.761846
6.452652
8.005783
9.647725
13.708619
9.284994
10.421202
14.160544
9.077707
8.202344
15.502300
9.956766
5.822062
11.169112
8.555289
6.169481
15.202849
13.090899
3.493500
11.970822
11.697041
10.768380
9.612154
10.796572
1.668450
8.228780
8.109332
12.141797
10.182427
7.882634
11.924785
8.393670
6.220881
13.125695
11.142670
11.468228
5.509008
7.994248
10.499421
9.053436
11.566661
8.072124
10.422665
14.616701
8.851363
10.828644
15.803365
11.151710
12.997458
12.830304
13.937315
15.570835
13.415283
11.986559
9.354295
12.052429
10.040324
3.201026
8.345950
13.059694
8.522181
7.219505
8.532367
6.258594
11.887747
14.211638
11.266032
11.349248
7.380580
9.248126
15.725291
7.332544
11.994389
12.831835
4.735490
13.407487
10.400594
8.464676
11.682313
12.740999
15.233471
9.133959
15.557273
10.595979
12.269644
9.810686
11.712958
6.635733
14.439265
10.840268
7.937257
9.711103
11.611901
11.200456
3.655872
4.405288
10.110884
11.845183
13.214689
13.712570
16.968307
14.144270
12.874762
10.291694
8.866436
7.650148
8.458716
15.098511
14.517982
10.085932
14.117385
12.989398
7.600734
7.862147
10.961350
5.721122
7.799411
5.257337
10.801390
15.679831
12.032433
10.742076
7.476524
6.223185
12.036151
11.166846
12.690569
13.571033
15.878494
6.612645
12.013853
15.687255
14.563218
12.650309
12.797984
6.060388
6.897763
11.448468
13.998204
11.730959
12.026593
10.191067
10.826873
9.053114
8.813007
9.930572
10.316459
7.095304
8.958147
7.740048
9.362354
11.599228
8.560478
8.490266
7.844618
8.768699
9.930228
18.080724
4.409906
13.026148
9.211343
13.992005
15.464252
12.198044
8.347206
11.711291
14.611730
8.056613
12.666872
15.117750
8.296311
7.082284
12.831889
10.405299
13.588651
9.410056
12.757439
9.085115
7.000372
10.312437
12.324375
8.789392
6.784291
9.395257
5.538535
10.793157
14.374456
13.510380
9.665034
8.428781
7.603965
8.225818
9.431457
10.981058
10.422994
11.235499
14.522157
13.335413
4.278382
4.241236
9.785401
9.095657
7.138809
11.484741
10.168671
15.761957
13.249634
9.563104
8.330504
11.995031
8.320406
12.247553
9.673815
7.210413
13.952859
9.620520
9.571774
7.417262
11.645008
12.370654
13.165749
12.269659
9.624040
11.319024
13.121902
9.295795
9.155150
6.460439
10.067746
7.934274
7.180875
10.907303
13.304999
3.976001
12.569591
6.428280
10.260377
13.043071
4.642071
7.531366
9.113885
11.087200
10.795241
6.310371
5.770013
10.534626
9.086241
9.703931
7.518096
11.386568
4.953360
6.298589
9.758111
13.649751
18.934508
11.202329
8.072901
7.060471
6.492024
13.896903
15.926499
2.175526
9.172700
17.146260
12.694272
12.353245
9.689819
5.203857
7.771124
10.199333
8.098968
8.870660
12.124405
8.711807
5.329325
7.246895
9.900603
13.792768
15.361396
11.110145
12.042250
5.041769
3.997615
6.449702
10.078029
6.315810
11.305505
8.507658
13.670533
13.251862
2.343667
7.108101
9.748195
6.443515
13.444783
17.393962
16.196470
12.141647
13.636070
8.860361
7.262465
8.823158
14.655632
14.048100
10.666966
8.195621
6.509933
12.601117
6.481018
7.870357
7.995444
9.180325
11.545035
7.068211
14.582746
12.017082
17.528698
12.047576
7.081250
9.898699
6.187336
6.589177
9.036535
14.300736
11.601095
11.777096
8.598129
4.437290
12.362193
12.641455
12.088967
9.177308
12.535077
5.014422
11.524550
10.070677
10.026415
4.882146
6.061711
12.150219
15.507306
5.646519
13.097279
12.687195
7.762723
9.815136
13.109199
9.816695
13.895399
10.106332
15.097473
12.556373
15.254146
7.332097
9.465735
9.316471
5.906596
11.222854
8.948897
6.081955
6.154521
8.489163
9.129239
14.155285
8.228977
14.707933
11.843382
10.117287
8.449242
7.616791
10.434601
6.835281
9.632514
11.674926
12.285754
16.950556
6.879765
8.401023
10.599693
21.001033
11.720053
7.266226
13.447911
12.346656
10.342056
4.884746
9.069181
9.417702
6.459859
7.049451
10.497510
11.143715
12.108558
9.617682
7.649035
9.871085
12.086035
9.331182
9.998181
10.727062
8.389417
10.906500
14.261119
8.044153
11.226543
9.626437
9.660023
9.219622
8.487027
4.528577
2.219973
14.105142
11.612454
8.476501
6.917170
5.853700
9.267364
4.844879
9.875689
8.158774
10.054235
9.045791
9.873844
5.628031
14.502305
8.121954
13.403463
9.174363
12.817539
9.496094
7.970484
8.436778
8.012746
7.892233
9.985102
4.124919
9.891041
12.093542
11.163604
9.769483
10.842866
13.467216
8.516849
8.930838
7.970045
13.020637
10.119918
12.988325
3.393762
12.638891
13.614350
5.943022
7.620365
6.542740
11.570830
11.284857
7.123544
10.409325
11.020876
10.337334
13.361768
12.802959
16.124121
9.856367
12.275763
5.916580
11.024780
9.893695
15.989519
9.271392
11.702740
9.927214
11.836864
2.827508
6.831010
8.075490
7.991744
8.219780
10.490712
10.752325
3.567436
12.715771
13.918176
3.299183
12.171062
13.148898
13.008341
6.803749
15.557865
15.579109
7.354859
5.133852
9.490035
6.317998
14.326532
11.374785
13.849244
11.639000
11.183926
12.925840
11.603197
7.369641
5.053855
8.196884
8.428794
3.348384
4.471843
9.977646
11.731866
10.998076
9.332865
7.695701
15.317874
10.840811
8.859330
9.755822
10.455267
8.435774
5.821801
13.618800
6.141136
12.797861
11.396449
7.838232
5.722040
8.459224
10.931224
6.852911
13.220861
5.594254
11.767715
8.941219
4.815160
8.158440
8.751567
8.696899
9.044892
10.536006
12.238395
12.218962
16.085821
11.318715
7.157198
6.812455
14.022377
13.457358
10.270832
8.499432
9.843165
8.437307
12.681067
10.620919
11.602986
6.228166
13.541552
6.867254
9.607359
7.300093
9.923968
7.043465
6.163263
4.438721
9.822874
13.446818
9.445540
5.695533
13.125605
11.458608
5.234761
12.935341
10.655769
7.264950
7.527014
6.058175
13.454033
8.785916
10.047511
9.293604
13.944437
19.522733
10.489026
12.301659
10.831358
6.538775
7.695313
11.202400
5.698813
8.072474
5.490535
11.441308
11.046965
7.826354
11.510156
11.023197
1.333408
10.545603
17.757359
7.231991
11.117413
11.384520
5.805950
8.677543
7.268239
10.122886
12.614265
7.888829
11.042890
8.537631
10.348677
8.398942
8.613281
9.783419
12.673353
9.789676
8.969846
12.997580
9.420606
8.911911
5.635502
7.559206
8.958825
9.389714
14.425358
9.879990
4.218108
4.836363
6.638373
11.983036
7.442289
13.160456
9.336847
13.530909
9.773501
12.515944
13.019336
6.709585
10.451195
10.585526
10.723274
11.070477
7.299939
5.503532
16.978329
10.708182
10.598418
10.156232
10.384680
7.095155
14.696008
8.709703
12.408606
5.604223
7.889515
10.916726
9.101178
6.666435
8.324785
9.129743
12.130689
10.300205
11.405315
9.410894
10.161575
12.558467
10.354873
6.512255
9.156670
9.822950
9.575560
13.329580
9.210208
10.829708
13.672794
20.176243
14.832099
11.608708
6.009321
7.799815
15.612586
14.762849
5.281327
8.351359
8.594497
1.301903
6.169200
10.585504
10.719103
8.475086
16.996575
10.028562
8.938079
9.086983
15.153362
11.271909
12.362906
15.071133
10.370153
13.104436
8.343626
11.374485
7.586869
14.189153
14.244777
8.928100
4.024461
7.029666
11.046730
8.001860
16.991919
9.407253
11.959822
8.447250
8.079847
9.325961
9.040195
11.359256
11.269525
12.051377
10.066183
14.225717
4.380603
11.694339
6.823339
7.611532
9.776691
7.968772
9.238741
9.905849
12.477155
9.484114
8.475157
8.910649
7.281471
11.241551
9.668068
10.339929
8.405940
7.202120
10.571221
6.576059
9.672292
13.962113
9.473942
11.615184
13.060785
4.509105
10.889391
10.195157
12.944625
9.742975
8.958793
9.525576
7.626961
9.763849
7.145411
8.570050
6.258387
11.272395
12.631220
10.891952
8.926957
15.880743
14.944783
3.147192
9.708023
8.368400
10.760000
11.921479
11.550255
12.687246
16.337606
12.587614
5.562221
7.423622
3.592869
8.512934
6.895316
8.222448
6.694925
6.759747
12.752621
2.401938
10.987474
11.457801
14.527307
6.296763
9.148283
16.846808
10.381074
14.268224
9.198823
13.197540
9.197107
10.318345
9.565385
7.065039
11.029287
7.450775
12.162988
14.616283
10.208550
7.592211
5.628986
12.792165
15.154032
14.076897
9.037536
10.104989
6.711113
6.512551
6.782233
13.071257
13.468872
12.881461
4.975532
12.078346
5.016611
9.201986
11.721501
8.694877
9.030014
12.534816
12.025236
16.187378
11.795153
17.366185
10.598261
10.396499
10.914626
11.221113
9.694877
10.588074
3.868935
10.335669
8.766522
8.586954
6.803406
9.510007
8.059683
7.748114
7.565054
3.427526
10.249058
12.457779
13.053483
13.402916
1.707697
10.486596
7.224802
10.489618
5.841464
13.249664
11.896697
9.988852
9.012785
13.121942
8.468841
13.943852
8.723211
12.976586
9.864751
5.685705
10.439402
11.954795
11.567491
10.797229
14.147150
13.965912
11.662980
12.287298
12.348587
12.474278
12.120729
14.360177
9.720699
10.775648
17.675472
9.492725
6.145915
12.623451
12.340379
9.510846
9.999041
14.657261
13.997094
9.863314
9.494596
9.167503
11.475754
12.514166
8.568730
6.571563
13.966254
12.339950
7.318596
9.491592
5.019459
11.615994
7.315430
7.408056
-4.366509
15.358285
14.825604
11.064166
10.862661
7.962728
10.836705
6.662103
9.174648
9.196597
9.064905
11.394990
7.420388
16.641990
7.892480
10.960888
14.340968
10.895864
10.500108
13.634625
8.420033
6.746002
4.668739
10.945333
2.695815
13.025966
8.812633
10.959282
13.634171
9.487755
15.442128
13.431701
9.317093
