13.972701
6.249807
7.090867
15.000840
11.029838
1.907959
14.096556
11.034248
11.202655
13.516780
8.293251
10.813623
11.108556
12.127004
10.919506
12.525032
9.764428
9.400035
16.296216
6.322072
12.708297
10.122278
11.525491
12.011780
6.466197
11.387000
6.800564
7.857554
8.795529
5.751971
14.839976
11.453025
4.430574
10.772387
9.613414
11.469233
8.801300
8.191563
12.443927
15.383441
8.556063
15.306378
11.836965
12.785810
5.077410
9.712287
9.840651
8.060804
7.709809
10.859540
5.883456
8.624359
11.085004
11.990495
13.467566
13.087684
8.795321
15.147585
7.248424
6.156991
6.449544
9.704728
6.447767
6.796982
12.231346
12.092426
9.957991
8.302643
4.517092
12.909184
10.799624
12.641020
11.544722
17.133168
4.591552
6.859144
11.149414
10.296608
5.235910
14.028265
9.816491
9.745089
11.167661
3.043244
7.243174
9.618529
12.217395
9.665665
12.236595
7.885383
5.548784
13.210962
7.480701
12.947836
8.880203
10.500552
7.713969
12.112403
3.576635
11.540223
7.361213
9.070478
11.893787
9.903141
7.995265
13.186961
13.777280
10.133182
8.911801
6.449835
12.269196
7.735459
11.788364
11.122546
7.799356
14.019530
3.904464
9.429161
5.919685
10.033663
5.737410
13.783795
7.101644
14.668200
13.885105
14.538250
15.537440
5.520762
4.400233
11.841322
12.389774
17.400852
7.242307
5.081733
10.646148
15.265595
14.937408
8.419314
7.618219
11.371305
8.613536
8.654403
13.605313
9.737537
12.796334
10.312375
7.323648
12.370192
5.211753
7.547502
9.423331
10.286228
11.397989
4.971622
10.144601
11.171003
10.289680
11.881045
11.298344
8.633719
7.508008
15.331847
2.922896
7.161886
9.205499
9.116809
10.923067
13.574449
13.342823
5.464148
2.596803
11.264496
13.624237
9.121111
15.548584
13.523058
9.604375
9.349110
11.378084
12.185832
13.589743
9.837985
2.962138
7.114252
11.593997
9.003156
15.398392
6.574722
15.245031
12.537922
5.665921
14.067157
7.684528
11.556154
7.994150
10.476510
6.161759
11.303245
8.378281
10.051441
11.895873
14.184561
10.648031
4.050156
10.492446
8.893647
12.509206
12.941610
12.288087
13.193795
10.215907
8.225010
4.859386
9.820718
10.139198
12.649700
17.539086
8.167083
3.262017
12.814100
11.926541
11.216910
18.041408
9.185458
10.259496
13.125217
11.829977
10.033005
15.060030
10.772324
9.240120
15.209537
10.810417
11.802189
7.550469
4.200109
11.711718
12.268428
14.490452
12.133532
11.265544
7.272225
10.568944
5.496328
12.277636
9.191289
6.805003
9.772399
8.938836
7.518196
4.023849
12.623854
7.951578
6.098236
7.545704
11.141236
12.597981
4.662647
11.156711
10.420118
6.840621
5.664528
15.557664
9.797322
12.395026
4.229017
6.934431
13.324174
10.082234
12.151442
7.457978
15.624381
15.112489
6.792151
11.015524
11.635784
10.288179
10.038805
10.449242
9.438327
9.434189
8.073648
2.077090
1.599087
9.764643
10.620085
8.531337
10.046963
7.501126
10.791858
11.160332
15.063708
10.476288
4.447709
10.316123
8.521649
15.454923
10.862543
14.651997
7.073297
8.834830
9.604167
11.693792
8.160300
10.675303
15.503108
6.500109
7.571309
14.264399
12.918993
9.179040
11.405898
9.301360
13.674977
15.121028
11.241119
9.840336
8.160422
11.199393
6.521196
8.909248
14.400132
15.843551
13.848415
11.861129
6.074347
4.341076
14.069826
17.073190
10.227312
6.975502
15.207991
10.156961
6.094007
7.579490
12.492263
9.655280
11.832836
7.300129
2.793011
16.914871
10.208449
16.857100
12.969796
15.128094
11.875529
10.530532
8.553297
10.321347
11.162329
5.534789
5.167801
17.382546
7.443602
6.882534
13.590313
13.775041
9.273574
5.668218
6.354059
11.368321
12.123373
10.055257
15.786678
11.096157
11.084434
7.626633
13.159412
4.482481
12.137307
12.457694
11.591522
7.008093
9.191759
10.203550
6.438753
9.400472
9.815141
13.002073
11.149547
9.603110
6.962592
5.532363
13.349038
13.274313
11.327452
5.010672
6.173737
12.698945
12.058962
10.296213
10.760069
7.853694
8.862449
10.856127
12.205097
10.436461
7.383937
12.916708
11.901882
6.801667
5.178668
1.903392
6.730594
9.700390
6.797373
11.260827
9.651560
9.812857
8.915984
11.318926
7.594896
7.990970
9.390550
6.987027
6.050539
10.048077
9.429330
7.609230
11.640656
8.277163
16.507976
17.157982
9.353609
15.876969
6.658064
9.175894
9.506329
11.825044
12.114351
3.797333
7.454244
12.341865
7.310936
7.735505
9.977612
7.842632
8.467368
6.830639
12.379853
13.307170
11.513242
8.506792
7.110909
11.455776
7.000564
10.793080
5.916118
13.942059
9.433236
8.516685
8.440191
5.841979
9.450155
14.018339
5.050253
5.779510
11.556603
11.806115
8.495588
9.413459
9.019668
10.143921
13.252348
7.093305
4.271198
11.534519
14.734285
7.957606
9.029981
8.929620
7.450007
8.831661
9.865328
9.187825
7.303596
10.346946
6.561211
8.516533
14.717006
9.361115
10.371717
10.134534
8.636033
11.328863
9.435125
11.649445
16.951214
6.535899
13.442424
7.897357
6.566051
7.343026
11.132311
10.351711
16.390670
7.405095
8.577996
16.935758
13.910455
9.960573
14.285416
7.487998
14.128723
9.150043
9.639620
6.968768
7.920240
9.534911
14.086391
14.880844
9.887242
11.970196
12.822601
13.157558
6.945008
7.368933
12.498855
10.493369
11.386857
7.721139
9.991354
12.066509
8.745125
14.595280
9.475819
12.877633
5.866828
10.251743
6.195339
9.980987
4.245197
6.758264
12.311831
8.292436
15.754505
9.645383
10.711646
17.031387
7.513679
6.502623
15.129541
13.526623
11.954938
10.177166
2.669613
7.443745
7.693571
7.995449
9.976255
6.551094
10.770213
7.139852
13.276273
9.894927
11.074282
6.759888
7.997608
10.624703
10.485373
5.176927
13.763867
7.477548
9.043982
14.587379
11.786247
7.956410
5.328872
5.064689
12.474182
12.817149
7.704289
12.045121
10.582663
15.140333
14.555224
11.496848
11.347998
12.037291
6.287068
12.665618
13.497778
15.485422
6.263929
8.920209
8.433954
12.552738
10.557016
6.449125
6.522147
12.493974
9.795228
8.437635
12.920850
10.106733
13.355124
9.680674
11.812592
10.843050
11.194898
12.108947
10.788862
8.890262
14.966637
6.883524
4.757779
4.334494
6.287014
12.677336
13.399860
1.844975
11.023221
11.474551
10.252899
11.434060
5.731819
11.416153
6.045958
9.598124
10.369274
12.002294
6.471402
14.266208
8.865843
9.814610
11.195035
9.063133
8.669674
6.069169
9.445061
15.927167
13.005021
9.217948
8.675498
8.403444
11.922205
6.999783
11.236779
7.969501
10.373811
8.773444
8.106063
12.896333
10.167590
12.427173
10.138332
8.558278
3.881934
7.023379
11.979160
14.499877
8.729250
9.801842
11.712505
8.186796
5.177708
13.916939
9.241904
6.439471
8.222583
9.370717
17.446496
9.319271
6.174564
9.967436
13.178893
10.008284
9.611425
7.923547
12.511641
13.246758
14.793027
6.451471
12.898900
11.062433
13.534256
10.204142
8.098519
12.150218
10.043058
5.247812
13.996439
10.693227
8.504750
11.576506
8.832731
5.926244
6.991460
10.338297
12.548649
13.474629
10.890043
9.808852
11.449127
12.094045
8.612329
8.365618
12.708016
13.222624
6.420288
9.908810
11.030267
13.535951
16.574896
3.183751
8.537294
11.332729
9.767587
4.116135
7.688359
11.494256
7.632691
10.839592
7.001644
7.119819
7.329178
13.667274
12.841540
12.989737
6.184779
9.673524
8.214622
6.920720
10.912848
13.048266
8.343086
5.456915
12.734227
6.088761
10.618009
11.843377
11.726749
9.793128
10.573168
12.765042
12.317442
3.255312
13.389612
13.988289
8.402824
6.242483
8.594731
11.472425
8.651776
14.328483
5.777307
9.256445
10.955361
9.033733
9.385846
8.633543
13.562970
8.959254
14.043868
14.900853
12.769244
6.254213
10.489657
6.489437
5.056188
11.107069
11.883507
9.480035
10.121542
11.761479
4.440256
12.305013
9.590403
15.838561
2.241777
14.551646
13.245624
7.040433
6.371900
12.566084
6.242317
13.518096
14.198782
8.677953
5.662357
10.372606
7.732020
6.877604
15.040734
7.210568
9.787033
9.707783
9.417938
13.490604
7.385817
9.326408
9.591313
8.902732
9.845937
8.365353
9.280261
9.708387
9.764655
10.715091
11.335172
13.990201
6.281425
8.407722
8.674453
8.429580
6.479766
13.029860
7.136488
6.557279
12.764981
9.628643
4.681318
6.781808
12.446194
4.711123
8.781998
8.103662
7.058697
8.787138
7.048283
6.609929
7.417113
11.659068
16.140042
9.459681
9.803421
8.133448
10.154131
9.420691
10.154390
12.729355
7.448582
9.329647
9.593009
17.377835
10.088476
7.851873
9.947124
11.000627
11.003518
10.611376
8.594790
9.261637
13.432170
9.690501
10.870061
12.493220
9.713006
9.369243
14.118030
11.696778
13.265948
7.378315
11.420216
8.873090
13.367044
7.130821
8.929653
15.846192
3.008886
11.126348
5.405172
12.620243
14.763401
8.055430
10.165795
6.265969
10.145713
10.480362
12.608084
13.513046
15.701085
9.394498
6.717531
8.199146
17.452921
9.669791
8.247206
9.386738
13.008325
10.219192
7.197700
10.192586
9.550777
7.183741
10.680300
19.849607
14.164761
10.458818
8.175412
12.852001
8.668715
10.520886
5.702665
11.703695
8.056364
13.978712
13.779607
7.549050
7.199243
11.404436
5.204046
5.917096
7.341558
6.670705
11.355841
15.447802
5.824307
13.292973
16.184801
12.277059
7.329047
4.513960
7.007873
11.164031
11.567348
2.179612
8.776144
14.398671
9.194936
9.904408
11.490085
12.569252
12.206210
6.223271
9.687759
13.258183
9.359757
7.818562
12.256879
12.140261
9.867736
11.028579
5.642171
12.755512
6.484393
10.975092
8.455239
9.222044
9.508361
8.873188
11.996120
7.424394
11.672560
5.167979
8.457726
14.564839
15.725767
10.271277
7.688150
10.761865
7.246239
13.939938
11.118605
11.631310
9.087295
9.930817
9.177932
12.135679
9.016432
16.789486
10.944201
9.912109
14.013197
3.314579
14.051715
6.419160
11.543644
14.418256
11.940214
8.763148
13.932610
16.919288
16.589109
3.371397
8.096349
9.110324
11.469394
8.760328
12.955319
6.890506
10.565699
9.627710
13.387501
9.014961
11.514435
10.516264
8.443983
13.330609
7.945064
12.536036
9.328747
12.754459
11.804262
10.297440
13.611632
11.025725
10.302301
11.333338
8.746684
