2018-01-11 14:12:37,801 : INFO : *****************************************
2018-01-11 14:12:37,801 : INFO : EGADS 0.8.8 is starting ...
2018-01-11 14:12:37,801 : INFO : *****************************************
2018-01-11 14:12:37,801 : DEBUG : egads - __init__.py - operating system: linux2
2018-01-11 14:12:37,801 : DEBUG : egads - __init__.py - python version: 2.7.10
2018-01-11 14:12:37,947 : INFO : egads - metadata.py - Metadata has been loaded
2018-01-11 14:12:37,947 : INFO : egads - metadata.py - FileMetadata has been loaded
2018-01-11 14:12:37,947 : INFO : egads - metadata.py - VariableMetadata has been loaded
2018-01-11 14:12:37,947 : INFO : egads - metadata.py - AlgorithmMetadata has been loaded
2018-01-11 14:12:37,948 : INFO : egads - egads_core.py - EgadsData has been loaded
2018-01-11 14:12:37,948 : INFO : egads - egads_core.py - EgadsAlgorithm has been loaded
2018-01-11 14:12:37,948 : INFO : egads - core - __init__.py - quantities has been imported
2018-01-11 14:12:37,948 : INFO : egads [comparisons] algorithms have been loaded
2018-01-11 14:12:37,949 : INFO : egads [corrections] algorithms have been loaded
2018-01-11 14:12:37,949 : INFO : egads [mathematics] algorithms have been loaded
2018-01-11 14:12:37,950 : INFO : egads [microphysics] algorithms have been loaded
2018-01-11 14:12:37,951 : INFO : egads [thermodynamics] algorithms have been loaded
2018-01-11 14:12:37,954 : INFO : egads [transforms] algorithms have been loaded
2018-01-11 14:12:37,955 : INFO : egads [radiation] algorithms have been loaded
2018-01-11 14:12:37,955 : INFO : egads [user/comparisons] algorithms have been loaded
2018-01-11 14:12:37,955 : INFO : egads [user/corrections] algorithms have been loaded
2018-01-11 14:12:37,955 : INFO : egads [user/mathematics] algorithms have been loaded
2018-01-11 14:12:37,955 : INFO : egads [user/microphysics] algorithms have been loaded
2018-01-11 14:12:37,955 : INFO : egads [user/thermodynamics] algorithms have been loaded
2018-01-11 14:12:37,956 : INFO : egads [user/transforms] algorithms have been loaded
2018-01-11 14:12:37,956 : INFO : egads [user/radiation] algorithms have been loaded
2018-01-11 14:12:37,956 : INFO : egads - input_core.py - FileCore has been loaded
2018-01-11 14:12:37,959 : INFO : egads - nasa_ames_io.py - nappy has been imported
2018-01-11 14:12:37,959 : INFO : egads - nasa_ames_io.py - NasaAmes has been loaded
2018-01-11 14:12:37,964 : INFO : egads - netcdf_io.py - NetCdf has been loaded
2018-01-11 14:12:37,964 : INFO : egads - netcdf_io.py - EgadsNetCdf has been loaded
2018-01-11 14:12:37,965 : INFO : egads - text_file_io.py - EgadsFile has been loaded
2018-01-11 14:12:37,965 : INFO : egads - text_file_io.py - EgadsCsv has been loaded
2018-01-11 14:12:37,968 : INFO : egads - __init__.py - quantities has been imported
2018-01-11 14:12:37,969 : INFO : EGADS 0.8.8 is ready ...
